
╔══════════════════════════════════════════════════╗
║          MELA CORPORATE DAEMON — ONLINE          ║
║  2026-03-24T21:41:07.530Z   ║
╚══════════════════════════════════════════════════╝

Running all departments on startup...

[2026-03-24T21:41:07.531Z] [STARTUP] Running Lead Response...
[2026-03-24T21:41:09.914Z] [STARTUP] Running Outreach...
[2026-03-24T21:41:12.369Z] [STARTUP] Running Sales...
[2026-03-24T21:41:14.744Z] [STARTUP] Running Revenue Monitor...
[2026-03-24T21:41:15.388Z] [REVENUE_MONITOR] snapshot: MRR=$795 Valuation=$76.3K Vendors=5
[2026-03-24T21:41:17.389Z] [STARTUP] Running Marketing...
[2026-03-24T21:41:27.390Z] [MARKETING] queued 3 Instagram captions
[2026-03-24T21:41:28.989Z] [MARKETING] A/B subject test generated
[2026-03-24T21:41:31.161Z] [STARTUP] Running Growth...
[2026-03-24T21:41:38.290Z] [GROWTH] SEO blog draft: Best South Asian Wedding photographers in Markham (2026)
[2026-03-24T21:41:44.309Z] [GROWTH] referral nudges sent to 5 vendors
[2026-03-24T21:41:46.476Z] [STARTUP] Running Community...
[2026-03-24T21:41:48.792Z] [STARTUP] Running Intelligence...
[2026-03-24T21:41:50.800Z] [STARTUP] Running Wealth...
[2026-03-24T21:41:52.818Z] [SCHEDULER] Lead Response scheduled every 10 min
[2026-03-24T21:41:52.818Z] [SCHEDULER] Outreach scheduled every 15 min
[2026-03-24T21:41:52.819Z] [SCHEDULER] Sales scheduled every 20 min
[2026-03-24T21:41:52.819Z] [SCHEDULER] Revenue Monitor scheduled every 30 min
[2026-03-24T21:41:52.819Z] [SCHEDULER] Marketing scheduled every 120 min
[2026-03-24T21:41:52.819Z] [SCHEDULER] Growth scheduled every 180 min
[2026-03-24T21:41:52.819Z] [SCHEDULER] Community scheduled every 240 min
[2026-03-24T21:41:52.819Z] [SCHEDULER] Intelligence scheduled every 360 min
[2026-03-24T21:41:52.819Z] [SCHEDULER] Wealth scheduled every 1440 min

✅ All departments running. Daemon is live 24/7.

[2026-03-24T21:51:52.810Z] [LEAD_RESPONSE] Starting cycle...
[2026-03-24T21:56:52.810Z] [OUTREACH] Starting cycle...
[2026-03-24T22:01:52.811Z] [SALES] Starting cycle...
[2026-03-24T22:01:52.817Z] [LEAD_RESPONSE] Starting cycle...
[2026-03-24T22:11:52.744Z] [REVENUE_MONITOR] Starting cycle...
[2026-03-24T22:11:52.774Z] [OUTREACH] Starting cycle...
[2026-03-24T22:11:52.777Z] [LEAD_RESPONSE] Starting cycle...
[2026-03-24T22:11:55.584Z] [REVENUE_MONITOR] snapshot: MRR=$795 Valuation=$76.3K Vendors=5
[2026-03-24T22:23:30.759Z] [SALES] Starting cycle...
[2026-03-24T22:23:30.783Z] [LEAD_RESPONSE] Starting cycle...
[2026-03-24T22:26:52.763Z] [OUTREACH] Starting cycle...
[2026-03-24T22:33:30.778Z] [LEAD_RESPONSE] Starting cycle...
[2026-03-24T22:41:52.722Z] [REVENUE_MONITOR] Starting cycle...
[2026-03-24T22:41:52.749Z] [OUTREACH] Starting cycle...
[2026-03-24T22:41:53.754Z] [REVENUE_MONITOR] snapshot: MRR=$795 Valuation=$76.3K Vendors=5
[2026-03-24T22:43:30.742Z] [SALES] Starting cycle...
[2026-03-24T22:43:30.768Z] [LEAD_RESPONSE] Starting cycle...
[2026-03-24T22:53:30.760Z] [LEAD_RESPONSE] Starting cycle...
[2026-03-24T22:56:52.754Z] [OUTREACH] Starting cycle...
[2026-03-24T23:03:30.744Z] [SALES] Starting cycle...
[2026-03-24T23:03:30.773Z] [LEAD_RESPONSE] Starting cycle...
[2026-03-24T23:11:52.785Z] [REVENUE_MONITOR] Starting cycle...
[2026-03-24T23:11:52.814Z] [OUTREACH] Starting cycle...
[2026-03-24T23:11:54.040Z] [REVENUE_MONITOR] snapshot: MRR=$795 Valuation=$76.3K Vendors=5
[2026-03-24T23:13:30.838Z] [LEAD_RESPONSE] Starting cycle...
[2026-03-24T23:23:30.808Z] [SALES] Starting cycle...
[2026-03-24T23:23:30.840Z] [LEAD_RESPONSE] Starting cycle...
[2026-03-24T23:26:52.818Z] [OUTREACH] Starting cycle...
[2026-03-24T23:33:30.833Z] [LEAD_RESPONSE] Starting cycle...
[2026-03-24T23:41:52.771Z] [MARKETING] Starting cycle...
[2026-03-24T23:41:52.783Z] [REVENUE_MONITOR] Starting cycle...
[2026-03-24T23:41:52.811Z] [OUTREACH] Starting cycle...
[2026-03-24T23:41:53.631Z] [REVENUE_MONITOR] snapshot: MRR=$795 Valuation=$76.3K Vendors=5
[2026-03-24T23:42:03.197Z] [MARKETING] queued 3 Instagram captions
[2026-03-24T23:42:05.164Z] [MARKETING] A/B subject test generated
[2026-03-24T23:43:30.803Z] [SALES] Starting cycle...
[2026-03-24T23:43:30.834Z] [LEAD_RESPONSE] Starting cycle...
[2026-03-24T23:53:30.817Z] [LEAD_RESPONSE] Starting cycle...
[2026-03-24T23:56:52.799Z] [OUTREACH] Starting cycle...
[2026-03-25T00:03:30.783Z] [SALES] Starting cycle...
[2026-03-25T00:03:30.815Z] [LEAD_RESPONSE] Starting cycle...
[2026-03-25T00:11:52.804Z] [REVENUE_MONITOR] Starting cycle...
[2026-03-25T00:11:52.843Z] [OUTREACH] Starting cycle...
[2026-03-25T00:11:53.862Z] [REVENUE_MONITOR] snapshot: MRR=$795 Valuation=$76.3K Vendors=5
[2026-03-25T00:13:30.855Z] [LEAD_RESPONSE] Starting cycle...
[2026-03-25T00:23:30.826Z] [SALES] Starting cycle...
[2026-03-25T00:23:30.859Z] [LEAD_RESPONSE] Starting cycle...
[2026-03-25T00:26:52.850Z] [OUTREACH] Starting cycle...
[2026-03-25T00:33:30.877Z] [LEAD_RESPONSE] Starting cycle...
[2026-03-25T00:41:52.813Z] [GROWTH] Starting cycle...
[2026-03-25T00:41:52.832Z] [REVENUE_MONITOR] Starting cycle...
[2026-03-25T00:41:52.873Z] [OUTREACH] Starting cycle...
[2026-03-25T00:41:53.925Z] [REVENUE_MONITOR] snapshot: MRR=$795 Valuation=$76.3K Vendors=5
[2026-03-25T00:41:59.328Z] [GROWTH] SEO blog draft: Best South Asian Wedding photographers in Toronto (2026)
[2026-03-25T00:42:05.573Z] [GROWTH] referral nudges sent to 5 vendors
[2026-03-25T00:43:30.851Z] [SALES] Starting cycle...
[2026-03-25T00:43:30.882Z] [LEAD_RESPONSE] Starting cycle...
[2026-03-25T00:53:30.900Z] [LEAD_RESPONSE] Starting cycle...
[2026-03-25T00:56:52.894Z] [OUTREACH] Starting cycle...
[2026-03-25T01:03:30.875Z] [SALES] Starting cycle...
[2026-03-25T01:03:30.908Z] [LEAD_RESPONSE] Starting cycle...
[2026-03-25T01:11:52.862Z] [REVENUE_MONITOR] Starting cycle...
[2026-03-25T01:11:52.907Z] [OUTREACH] Starting cycle...
[2026-03-25T01:11:54.456Z] [REVENUE_MONITOR] snapshot: MRR=$795 Valuation=$76.3K Vendors=5
[2026-03-25T01:13:30.916Z] [LEAD_RESPONSE] Starting cycle...
[2026-03-25T01:23:30.890Z] [SALES] Starting cycle...
[2026-03-25T01:23:30.923Z] [LEAD_RESPONSE] Starting cycle...
[2026-03-25T01:26:52.917Z] [OUTREACH] Starting cycle...
[2026-03-25T01:33:30.923Z] [LEAD_RESPONSE] Starting cycle...
[2026-03-25T01:41:52.851Z] [COMMUNITY] Starting cycle...
[2026-03-25T01:41:52.862Z] [MARKETING] Starting cycle...
[2026-03-25T01:41:52.872Z] [REVENUE_MONITOR] Starting cycle...
[2026-03-25T01:41:52.920Z] [OUTREACH] Starting cycle...
[2026-03-25T01:41:56.501Z] [REVENUE_MONITOR] snapshot: MRR=$795 Valuation=$76.3K Vendors=5
[2026-03-25T01:42:02.349Z] [MARKETING] queued 3 Instagram captions
[2026-03-25T01:42:04.552Z] [MARKETING] A/B subject test generated
[2026-03-25T01:43:30.896Z] [SALES] Starting cycle...
[2026-03-25T01:43:30.929Z] [LEAD_RESPONSE] Starting cycle...
[2026-03-25T01:53:30.930Z] [LEAD_RESPONSE] Starting cycle...
[2026-03-25T01:56:52.924Z] [OUTREACH] Starting cycle...
[2026-03-25T02:03:30.900Z] [SALES] Starting cycle...
[2026-03-25T02:03:30.936Z] [LEAD_RESPONSE] Starting cycle...
[2026-03-25T02:11:52.806Z] [REVENUE_MONITOR] Starting cycle...
[2026-03-25T02:11:52.855Z] [OUTREACH] Starting cycle...
[2026-03-25T02:11:54.291Z] [REVENUE_MONITOR] snapshot: MRR=$795 Valuation=$76.3K Vendors=5
[2026-03-25T02:13:30.864Z] [LEAD_RESPONSE] Starting cycle...
[2026-03-25T02:23:30.852Z] [SALES] Starting cycle...
[2026-03-25T02:23:30.888Z] [LEAD_RESPONSE] Starting cycle...
[2026-03-25T02:26:52.879Z] [OUTREACH] Starting cycle...
[2026-03-25T02:33:30.890Z] [LEAD_RESPONSE] Starting cycle...
[2026-03-25T02:41:52.773Z] [REVENUE_MONITOR] Starting cycle...
[2026-03-25T02:41:52.825Z] [OUTREACH] Starting cycle...
[2026-03-25T02:41:54.061Z] [REVENUE_MONITOR] snapshot: MRR=$795 Valuation=$76.3K Vendors=5
[2026-03-25T02:43:30.796Z] [SALES] Starting cycle...
[2026-03-25T02:43:30.835Z] [LEAD_RESPONSE] Starting cycle...
[2026-03-25T02:53:30.828Z] [LEAD_RESPONSE] Starting cycle...
[2026-03-25T02:56:52.815Z] [OUTREACH] Starting cycle...
[2026-03-25T03:03:30.807Z] [SALES] Starting cycle...
[2026-03-25T03:03:30.848Z] [LEAD_RESPONSE] Starting cycle...
[2026-03-25T03:11:52.779Z] [REVENUE_MONITOR] Starting cycle...
[2026-03-25T03:11:52.833Z] [OUTREACH] Starting cycle...
[2026-03-25T03:11:55.363Z] [REVENUE_MONITOR] snapshot: MRR=$795 Valuation=$76.3K Vendors=5
[2026-03-25T03:13:30.843Z] [LEAD_RESPONSE] Starting cycle...
[2026-03-25T03:23:30.808Z] [SALES] Starting cycle...
[2026-03-25T03:23:30.851Z] [LEAD_RESPONSE] Starting cycle...
[2026-03-25T03:26:52.841Z] [OUTREACH] Starting cycle...
[2026-03-25T03:33:30.854Z] [LEAD_RESPONSE] Starting cycle...
[2026-03-25T03:41:52.756Z] [INTELLIGENCE] Starting cycle...
[2026-03-25T03:41:52.780Z] [GROWTH] Starting cycle...
[2026-03-25T03:41:52.836Z] [MARKETING] Starting cycle...
[2026-03-25T03:41:52.845Z] [REVENUE_MONITOR] Starting cycle...
[2026-03-25T03:41:52.861Z] [OUTREACH] Starting cycle...
[2026-03-25T03:41:54.412Z] [REVENUE_MONITOR] snapshot: MRR=$795 Valuation=$76.3K Vendors=5
[2026-03-25T03:41:59.657Z] [GROWTH] SEO blog draft: Best South Asian Wedding florists in Toronto (2026)
[2026-03-25T03:42:02.416Z] [MARKETING] queued 3 Instagram captions
[2026-03-25T03:42:04.467Z] [MARKETING] A/B subject test generated
[2026-03-25T03:42:05.859Z] [GROWTH] referral nudges sent to 5 vendors
[2026-03-25T03:43:30.802Z] [SALES] Starting cycle...
[2026-03-25T03:43:30.848Z] [LEAD_RESPONSE] Starting cycle...
[2026-03-25T03:53:30.834Z] [LEAD_RESPONSE] Starting cycle...
[2026-03-25T03:56:52.843Z] [OUTREACH] Starting cycle...
[2026-03-25T04:03:30.781Z] [SALES] Starting cycle...
[2026-03-25T04:03:30.828Z] [LEAD_RESPONSE] Starting cycle...
[2026-03-25T04:11:52.836Z] [REVENUE_MONITOR] Starting cycle...
[2026-03-25T04:11:52.860Z] [OUTREACH] Starting cycle...
[2026-03-25T04:11:54.020Z] [REVENUE_MONITOR] snapshot: MRR=$795 Valuation=$76.3K Vendors=5
[2026-03-25T04:13:49.614Z] [LEAD_RESPONSE] Starting cycle...
[2026-03-25T04:41:58.606Z] [SALES] Starting cycle...
[2026-03-25T04:41:58.628Z] [LEAD_RESPONSE] Starting cycle...
[2026-03-25T04:41:58.633Z] [OUTREACH] Starting cycle...
[2026-03-25T04:41:58.635Z] [REVENUE_MONITOR] Starting cycle...
[2026-03-25T04:41:59.650Z] [REVENUE_MONITOR] snapshot: MRR=$795 Valuation=$76.3K Vendors=5
[2026-03-25T04:56:40.647Z] [LEAD_RESPONSE] Starting cycle...
[2026-03-25T04:56:58.551Z] [OUTREACH] Starting cycle...
[2026-03-25T05:15:14.792Z] [SALES] Starting cycle...
[2026-03-25T05:15:14.811Z] [LEAD_RESPONSE] Starting cycle...
[2026-03-25T05:15:14.817Z] [REVENUE_MONITOR] Starting cycle...
[2026-03-25T05:15:14.827Z] [OUTREACH] Starting cycle...
[2026-03-25T05:15:16.252Z] [REVENUE_MONITOR] snapshot: MRR=$795 Valuation=$76.3K Vendors=5
[2026-03-25T05:35:24.587Z] [LEAD_RESPONSE] Starting cycle...
[2026-03-25T05:35:24.606Z] [OUTREACH] Starting cycle...
[2026-03-25T05:35:24.616Z] [SALES] Starting cycle...
[2026-03-25T05:51:10.268Z] [COMMUNITY] Starting cycle...
[2026-03-25T05:51:10.276Z] [MARKETING] Starting cycle...
[2026-03-25T05:51:10.429Z] [REVENUE_MONITOR] Starting cycle...
[2026-03-25T05:51:10.498Z] [LEAD_RESPONSE] Starting cycle...
[2026-03-25T05:51:10.500Z] [OUTREACH] Starting cycle...
[2026-03-25T05:51:12.292Z] [REVENUE_MONITOR] snapshot: MRR=$795 Valuation=$76.3K Vendors=5
[2026-03-25T06:00:19.855Z] [SALES] Starting cycle...
[2026-03-25T06:09:36.317Z] [LEAD_RESPONSE] Starting cycle...
[2026-03-25T06:09:36.331Z] [OUTREACH] Starting cycle...
[2026-03-25T06:09:42.946Z] [MARKETING] queued 3 Instagram captions
[2026-03-25T06:09:44.949Z] [MARKETING] A/B subject test generated
[2026-03-25T06:19:36.375Z] [LEAD_RESPONSE] Starting cycle...
[2026-03-25T06:20:19.858Z] [SALES] Starting cycle...
[2026-03-25T06:21:10.394Z] [REVENUE_MONITOR] Starting cycle...
[2026-03-25T06:21:13.338Z] [REVENUE_MONITOR] snapshot: MRR=$795 Valuation=$76.3K Vendors=5
[2026-03-25T06:30:51.138Z] [OUTREACH] Starting cycle...
[2026-03-25T06:30:51.140Z] [LEAD_RESPONSE] Starting cycle...
[2026-03-25T06:48:12.617Z] [SALES] Starting cycle...
[2026-03-25T06:48:12.620Z] [LEAD_RESPONSE] Starting cycle...
[2026-03-25T06:48:12.624Z] [GROWTH] Starting cycle...
[2026-03-25T06:48:12.630Z] [OUTREACH] Starting cycle...
[2026-03-25T07:04:58.469Z] [REVENUE_MONITOR] Starting cycle...
[2026-03-25T07:04:58.474Z] [LEAD_RESPONSE] Starting cycle...
[2026-03-25T07:04:58.476Z] [OUTREACH] Starting cycle...
[2026-03-25T07:20:57.566Z] [SALES] Starting cycle...
[2026-03-25T07:20:57.609Z] [LEAD_RESPONSE] Starting cycle...
[2026-03-25T07:20:57.614Z] [OUTREACH] Starting cycle...
[2026-03-25T07:37:29.727Z] [LEAD_RESPONSE] Starting cycle...
[2026-03-25T07:37:29.729Z] [REVENUE_MONITOR] Starting cycle...
[2026-03-25T07:37:29.733Z] [OUTREACH] Starting cycle...
[2026-03-25T07:55:20.570Z] [SALES] Starting cycle...
[2026-03-25T07:55:20.573Z] [LEAD_RESPONSE] Starting cycle...
[2026-03-25T07:55:20.580Z] [MARKETING] Starting cycle...
[2026-03-25T07:55:20.584Z] [OUTREACH] Starting cycle...
[2026-03-25T08:11:20.635Z] [GROWTH] referral nudges sent to 5 vendors
[2026-03-25T08:11:20.641Z] [LEAD_RESPONSE] Starting cycle...
[2026-03-25T08:11:20.643Z] [REVENUE_MONITOR] Starting cycle...
[2026-03-25T08:11:20.646Z] [OUTREACH] Starting cycle...
[2026-03-25T08:11:23.051Z] [REVENUE_MONITOR] snapshot: MRR=$795 Valuation=$76.3K Vendors=5
[2026-03-25T08:28:08.858Z] [SALES] Starting cycle...
[2026-03-25T08:28:08.859Z] [LEAD_RESPONSE] Starting cycle...
[2026-03-25T08:28:08.861Z] [OUTREACH] Starting cycle...
[2026-03-25T08:28:12.581Z] [MARKETING] queued 3 Instagram captions
[2026-03-25T08:44:01.652Z] [LEAD_RESPONSE] Starting cycle...
[2026-03-25T08:44:01.804Z] [REVENUE_MONITOR] Starting cycle...
[2026-03-25T08:44:01.814Z] [OUTREACH] Starting cycle...
[2026-03-25T08:44:03.167Z] [REVENUE_MONITOR] snapshot: MRR=$795 Valuation=$76.3K Vendors=5
[2026-03-25T08:44:05.266Z] [MARKETING] A/B subject test generated
[2026-03-25T08:59:13.500Z] [SALES] Starting cycle...
[2026-03-25T08:59:13.505Z] [LEAD_RESPONSE] Starting cycle...
[2026-03-25T08:59:13.505Z] [OUTREACH] Starting cycle...
[2026-03-25T09:15:26.728Z] [LEAD_RESPONSE] Starting cycle...
[2026-03-25T09:15:26.738Z] [REVENUE_MONITOR] Starting cycle...
[2026-03-25T09:15:26.814Z] [OUTREACH] Starting cycle...
[2026-03-25T09:15:29.900Z] [REVENUE_MONITOR] snapshot: MRR=$795 Valuation=$76.3K Vendors=5
[2026-03-25T09:30:53.426Z] [SALES] Starting cycle...
[2026-03-25T09:30:53.434Z] [LEAD_RESPONSE] Starting cycle...
[2026-03-25T09:30:53.439Z] [OUTREACH] Starting cycle...
[2026-03-25T09:48:48.554Z] [LEAD_RESPONSE] Starting cycle...
[2026-03-25T09:48:48.557Z] [INTELLIGENCE] Starting cycle...
[2026-03-25T09:48:48.557Z] [REVENUE_MONITOR] Starting cycle...
[2026-03-25T09:48:48.558Z] [OUTREACH] Starting cycle...
[2026-03-25T09:48:48.560Z] [GROWTH] Starting cycle...
[2026-03-25T09:48:49.980Z] [REVENUE_MONITOR] snapshot: MRR=$795 Valuation=$76.3K Vendors=5
[2026-03-25T10:00:59.415Z] [SALES] Starting cycle...
[2026-03-25T10:00:59.420Z] [COMMUNITY] Starting cycle...
[2026-03-25T10:00:59.421Z] [MARKETING] Starting cycle...
[2026-03-25T10:00:59.428Z] [LEAD_RESPONSE] Starting cycle...
[2026-03-25T10:01:04.955Z] [REVENUE_MONITOR] snapshot: MRR=$795 Valuation=$76.3K Vendors=5
[2026-03-25T10:01:07.569Z] [GROWTH] SEO blog draft: Best South Asian Wedding mehndi in Scarborough (2026)
[2026-03-25T10:01:09.758Z] [MARKETING] queued 3 Instagram captions
[2026-03-25T10:01:11.766Z] [MARKETING] A/B subject test generated
[2026-03-25T10:01:13.631Z] [GROWTH] referral nudges sent to 5 vendors
[2026-03-25T10:01:16.128Z] [REVENUE_MONITOR] snapshot: MRR=$795 Valuation=$76.3K Vendors=5
[2026-03-25T10:19:55.821Z] [OUTREACH] Starting cycle...
[2026-03-25T10:19:55.841Z] [LEAD_RESPONSE] Starting cycle...
[2026-03-25T10:19:55.844Z] [REVENUE_MONITOR] Starting cycle...
[2026-03-25T10:19:59.138Z] [REVENUE_MONITOR] snapshot: MRR=$795 Valuation=$76.3K Vendors=5
[2026-03-25T11:25:01.191Z] [SALES] Starting cycle...
[2026-03-25T11:25:01.208Z] [LEAD_RESPONSE] Starting cycle...
[2026-03-25T11:25:01.213Z] [OUTREACH] Starting cycle...
[2026-03-25T11:25:01.217Z] [REVENUE_MONITOR] Starting cycle...
[2026-03-25T11:42:11.953Z] [LEAD_RESPONSE] Starting cycle...
[2026-03-25T11:42:11.960Z] [OUTREACH] Starting cycle...
[2026-03-25T12:00:07.541Z] [SALES] Starting cycle...
[2026-03-25T12:00:07.542Z] [LEAD_RESPONSE] Starting cycle...
[2026-03-25T12:00:07.543Z] [REVENUE_MONITOR] Starting cycle...
[2026-03-25T12:00:07.550Z] [OUTREACH] Starting cycle...
[2026-03-25T12:01:59.806Z] [MARKETING] Starting cycle...
[2026-03-25T12:02:09.507Z] [MARKETING] queued 3 Instagram captions
[2026-03-25T12:02:10.709Z] [REVENUE_MONITOR] snapshot: MRR=$795 Valuation=$76.3K Vendors=5
[2026-03-25T12:02:11.215Z] [MARKETING] A/B subject test generated
[2026-03-25T12:18:19.522Z] [LEAD_RESPONSE] Starting cycle...
[2026-03-25T12:18:19.530Z] [OUTREACH] Starting cycle...
[2026-03-25T12:19:45.067Z] [REVENUE_MONITOR] snapshot: MRR=$0 Valuation=$0 Vendors=null
[2026-03-25T12:20:07.446Z] [SALES] Starting cycle...
[2026-03-25T12:32:14.809Z] [LEAD_RESPONSE] Starting cycle...
[2026-03-25T12:32:14.816Z] [REVENUE_MONITOR] Starting cycle...
[2026-03-25T12:32:19.138Z] [REVENUE_MONITOR] snapshot: MRR=$795 Valuation=$76.3K Vendors=5
[2026-03-25T13:03:20.182Z] [OUTREACH] Starting cycle...
[2026-03-25T13:03:20.187Z] [SALES] Starting cycle...
[2026-03-25T13:03:20.191Z] [LEAD_RESPONSE] Starting cycle...
[2026-03-25T13:03:20.196Z] [GROWTH] Starting cycle...
[2026-03-25T13:03:20.201Z] [REVENUE_MONITOR] Starting cycle...
[2026-03-25T13:03:21.969Z] [REVENUE_MONITOR] snapshot: MRR=$795 Valuation=$76.3K Vendors=5
[2026-03-25T13:03:27.902Z] [GROWTH] SEO blog draft: Best South Asian Wedding makeup-artists in Mississauga (2026)
[2026-03-25T13:03:34.939Z] [GROWTH] referral nudges sent to 5 vendors
[2026-03-25T13:21:30.136Z] [LEAD_RESPONSE] Starting cycle...
[2026-03-25T13:21:30.138Z] [OUTREACH] Starting cycle...
[2026-03-25T13:38:18.423Z] [SALES] Starting cycle...
[2026-03-25T13:38:18.424Z] [LEAD_RESPONSE] Starting cycle...
[2026-03-25T13:38:18.425Z] [REVENUE_MONITOR] Starting cycle...
[2026-03-25T13:38:18.449Z] [OUTREACH] Starting cycle...
[2026-03-25T13:54:21.614Z] [LEAD_RESPONSE] Starting cycle...
[2026-03-25T13:54:21.617Z] [OUTREACH] Starting cycle...
[2026-03-25T14:03:59.374Z] [SALES] Starting cycle...
[2026-03-25T14:03:59.375Z] [COMMUNITY] Starting cycle...
[2026-03-25T14:03:59.375Z] [MARKETING] Starting cycle...
[2026-03-25T14:04:10.204Z] [MARKETING] queued 3 Instagram captions
[2026-03-25T14:04:11.942Z] [MARKETING] A/B subject test generated
[2026-03-25T14:04:21.656Z] [LEAD_RESPONSE] Starting cycle...
[2026-03-25T14:06:53.261Z] [REVENUE_MONITOR] snapshot: MRR=$0 Valuation=$0 Vendors=null
[2026-03-25T14:14:02.170Z] [REVENUE_MONITOR] Starting cycle...
[2026-03-25T14:14:02.192Z] [OUTREACH] Starting cycle...
[2026-03-25T14:14:04.670Z] [REVENUE_MONITOR] snapshot: MRR=$795 Valuation=$76.3K Vendors=5
[2026-03-25T14:14:21.676Z] [LEAD_RESPONSE] Starting cycle...
[2026-03-25T14:25:53.212Z] [SALES] Starting cycle...
[2026-03-25T14:25:53.226Z] [LEAD_RESPONSE] Starting cycle...
[2026-03-25T14:36:15.275Z] [OUTREACH] Starting cycle...
[2026-03-25T14:36:15.280Z] [LEAD_RESPONSE] Starting cycle...
[2026-03-25T14:46:13.992Z] [REVENUE_MONITOR] Starting cycle...
[2026-03-25T14:46:14.005Z] [SALES] Starting cycle...
[2026-03-25T14:46:15.268Z] [LEAD_RESPONSE] Starting cycle...
[2026-03-25T14:46:16.557Z] [REVENUE_MONITOR] snapshot: MRR=$795 Valuation=$76.3K Vendors=5
[2026-03-25T14:56:35.847Z] [OUTREACH] Starting cycle...
[2026-03-25T14:56:35.851Z] [LEAD_RESPONSE] Starting cycle...
[2026-03-25T15:06:50.145Z] [SALES] Starting cycle...
[2026-03-25T15:06:50.150Z] [LEAD_RESPONSE] Starting cycle...
[2026-03-25T15:13:17.925Z] [OUTREACH] Starting cycle...
[2026-03-25T15:17:18.410Z] [REVENUE_MONITOR] Starting cycle...
[2026-03-25T15:17:18.419Z] [LEAD_RESPONSE] Starting cycle...
[2026-03-25T15:17:19.177Z] [REVENUE_MONITOR] snapshot: MRR=$795 Valuation=$76.3K Vendors=5
[2026-03-25T15:26:50.156Z] [SALES] Starting cycle...
[2026-03-25T15:27:18.419Z] [LEAD_RESPONSE] Starting cycle...
[2026-03-25T15:30:04.059Z] [OUTREACH] Starting cycle...
[2026-03-25T15:40:19.216Z] [LEAD_RESPONSE] Starting cycle...
[2026-03-25T15:47:14.358Z] [OUTREACH] Starting cycle...
[2026-03-25T15:47:14.376Z] [SALES] Starting cycle...
[2026-03-25T15:47:18.457Z] [REVENUE_MONITOR] Starting cycle...
[2026-03-25T15:47:19.738Z] [REVENUE_MONITOR] snapshot: MRR=$795 Valuation=$76.3K Vendors=5
[2026-03-25T15:57:43.479Z] [INTELLIGENCE] Starting cycle...
[2026-03-25T15:57:43.479Z] [LEAD_RESPONSE] Starting cycle...
[2026-03-25T16:06:06.363Z] [OUTREACH] Starting cycle...
[2026-03-25T16:06:06.379Z] [GROWTH] Starting cycle...
[2026-03-25T16:06:06.387Z] [MARKETING] Starting cycle...
[2026-03-25T16:06:13.482Z] [GROWTH] SEO blog draft: Best South Asian Wedding makeup-artists in Vaughan (2026)
[2026-03-25T16:06:16.943Z] [MARKETING] queued 3 Instagram captions
[2026-03-25T16:06:19.372Z] [GROWTH] referral nudges sent to 5 vendors
[2026-03-25T16:06:19.930Z] [MARKETING] A/B subject test generated
[2026-03-25T16:14:16.660Z] [SALES] Starting cycle...
[2026-03-25T16:14:16.690Z] [LEAD_RESPONSE] Starting cycle...
[2026-03-25T16:19:26.596Z] [REVENUE_MONITOR] Starting cycle...
[2026-03-25T16:19:27.517Z] [REVENUE_MONITOR] snapshot: MRR=$795 Valuation=$76.3K Vendors=5
[2026-03-25T16:24:08.433Z] [OUTREACH] Starting cycle...
[2026-03-25T16:24:16.619Z] [LEAD_RESPONSE] Starting cycle...
[2026-03-25T16:34:36.441Z] [SALES] Starting cycle...
[2026-03-25T16:34:36.447Z] [LEAD_RESPONSE] Starting cycle...
[2026-03-25T16:45:26.027Z] [OUTREACH] Starting cycle...
[2026-03-25T16:45:26.034Z] [LEAD_RESPONSE] Starting cycle...
[2026-03-25T16:55:11.305Z] [REVENUE_MONITOR] Starting cycle...
[2026-03-25T16:55:11.319Z] [SALES] Starting cycle...
[2026-03-25T16:55:13.505Z] [REVENUE_MONITOR] snapshot: MRR=$795 Valuation=$76.3K Vendors=5
[2026-03-25T16:55:26.038Z] [LEAD_RESPONSE] Starting cycle...
[2026-03-25T17:00:26.031Z] [OUTREACH] Starting cycle...
[2026-03-25T17:05:26.053Z] [LEAD_RESPONSE] Starting cycle...
[2026-03-25T17:15:17.912Z] [SALES] Starting cycle...
[2026-03-25T17:15:26.051Z] [OUTREACH] Starting cycle...
[2026-03-25T17:15:26.059Z] [LEAD_RESPONSE] Starting cycle...
[2026-03-25T17:25:15.055Z] [REVENUE_MONITOR] Starting cycle...
[2026-03-25T17:25:16.590Z] [REVENUE_MONITOR] snapshot: MRR=$795 Valuation=$76.3K Vendors=5
[2026-03-25T17:25:26.042Z] [LEAD_RESPONSE] Starting cycle...
[2026-03-25T17:35:11.232Z] [OUTREACH] Starting cycle...
[2026-03-25T17:35:17.890Z] [SALES] Starting cycle...
[2026-03-25T17:35:26.042Z] [LEAD_RESPONSE] Starting cycle...
[2026-03-25T17:45:25.940Z] [LEAD_RESPONSE] Starting cycle...
[2026-03-25T17:55:23.378Z] [OUTREACH] Starting cycle...
[2026-03-25T17:55:23.384Z] [REVENUE_MONITOR] Starting cycle...
[2026-03-25T17:55:23.392Z] [SALES] Starting cycle...
[2026-03-25T17:55:25.858Z] [LEAD_RESPONSE] Starting cycle...
[2026-03-25T17:55:28.945Z] [REVENUE_MONITOR] snapshot: MRR=$795 Valuation=$76.3K Vendors=5
[2026-03-25T18:03:59.157Z] [COMMUNITY] Starting cycle...
[2026-03-25T18:08:07.449Z] [LEAD_RESPONSE] Starting cycle...
[2026-03-25T18:08:07.456Z] [MARKETING] Starting cycle...
[2026-03-25T18:08:17.217Z] [MARKETING] queued 3 Instagram captions
[2026-03-25T18:08:19.376Z] [MARKETING] A/B subject test generated
[2026-03-25T18:40:40.291Z] [OUTREACH] Starting cycle...
[2026-03-25T18:40:40.297Z] [SALES] Starting cycle...
[2026-03-25T18:40:40.299Z] [LEAD_RESPONSE] Starting cycle...
[2026-03-25T18:40:40.303Z] [REVENUE_MONITOR] Starting cycle...
[2026-03-25T18:40:42.242Z] [REVENUE_MONITOR] snapshot: MRR=$795 Valuation=$76.3K Vendors=5
[2026-03-25T18:53:10.196Z] [LEAD_RESPONSE] Starting cycle...
[2026-03-25T18:57:10.898Z] [OUTREACH] Starting cycle...
[2026-03-25T19:00:42.002Z] [SALES] Starting cycle...
[2026-03-25T19:03:13.568Z] [LEAD_RESPONSE] Starting cycle...
[2026-03-25T19:06:06.281Z] [GROWTH] Starting cycle...
[2026-03-25T19:06:13.560Z] [GROWTH] SEO blog draft: Best South Asian Wedding catering in Brampton (2026)
[2026-03-25T19:06:19.953Z] [GROWTH] referral nudges sent to 5 vendors
[2026-03-25T19:11:20.568Z] [REVENUE_MONITOR] Starting cycle...
[2026-03-25T19:11:21.688Z] [REVENUE_MONITOR] snapshot: MRR=$795 Valuation=$76.3K Vendors=5
[2026-03-25T19:12:10.896Z] [OUTREACH] Starting cycle...
[2026-03-25T19:13:15.175Z] [LEAD_RESPONSE] Starting cycle...
[2026-03-25T19:24:04.207Z] [SALES] Starting cycle...
[2026-03-25T19:24:04.214Z] [LEAD_RESPONSE] Starting cycle...
[2026-03-25T19:30:11.009Z] [OUTREACH] Starting cycle...
[2026-03-25T19:34:10.616Z] [LEAD_RESPONSE] Starting cycle...
[2026-03-25T19:50:05.787Z] [REVENUE_MONITOR] Starting cycle...
[2026-03-25T19:50:05.795Z] [SALES] Starting cycle...
[2026-03-25T19:50:05.797Z] [LEAD_RESPONSE] Starting cycle...
[2026-03-25T19:50:05.799Z] [OUTREACH] Starting cycle...
[2026-03-25T19:50:07.986Z] [REVENUE_MONITOR] snapshot: MRR=$795 Valuation=$76.3K Vendors=5
[2026-03-25T20:00:20.398Z] [LEAD_RESPONSE] Starting cycle...
[2026-03-25T20:07:45.201Z] [OUTREACH] Starting cycle...
[2026-03-25T20:08:07.686Z] [MARKETING] Starting cycle...
[2026-03-25T20:08:17.618Z] [MARKETING] queued 3 Instagram captions
[2026-03-25T20:08:19.536Z] [MARKETING] A/B subject test generated
[2026-03-25T20:17:08.406Z] [SALES] Starting cycle...
[2026-03-25T20:17:08.415Z] [LEAD_RESPONSE] Starting cycle...
[2026-03-25T20:32:08.236Z] [REVENUE_MONITOR] Starting cycle...
[2026-03-25T20:32:08.255Z] [OUTREACH] Starting cycle...
[2026-03-25T20:32:08.259Z] [LEAD_RESPONSE] Starting cycle...
[2026-03-25T20:32:10.834Z] [REVENUE_MONITOR] snapshot: MRR=$795 Valuation=$76.3K Vendors=5
[2026-03-25T20:41:43.530Z] [SALES] Starting cycle...
[2026-03-25T20:43:33.124Z] [LEAD_RESPONSE] Starting cycle...
[2026-03-25T20:47:08.266Z] [OUTREACH] Starting cycle...
[2026-03-25T20:53:33.132Z] [LEAD_RESPONSE] Starting cycle...
[2026-03-25T21:01:43.556Z] [SALES] Starting cycle...
[2026-03-25T21:02:08.260Z] [REVENUE_MONITOR] Starting cycle...
[2026-03-25T21:02:08.280Z] [OUTREACH] Starting cycle...
[2026-03-25T21:02:08.994Z] [REVENUE_MONITOR] snapshot: MRR=$795 Valuation=$76.3K Vendors=5
[2026-03-25T21:03:33.116Z] [LEAD_RESPONSE] Starting cycle...
[2026-03-25T21:13:33.124Z] [LEAD_RESPONSE] Starting cycle...
[2026-03-25T21:17:08.262Z] [OUTREACH] Starting cycle...
[2026-03-25T21:21:43.555Z] [SALES] Starting cycle...
[2026-03-25T21:23:33.146Z] [LEAD_RESPONSE] Starting cycle...
[2026-03-25T21:32:08.266Z] [REVENUE_MONITOR] Starting cycle...
[2026-03-25T21:32:08.304Z] [OUTREACH] Starting cycle...
[2026-03-25T21:32:09.386Z] [REVENUE_MONITOR] snapshot: MRR=$795 Valuation=$76.3K Vendors=5
[2026-03-25T21:33:33.153Z] [LEAD_RESPONSE] Starting cycle...
[2026-03-25T21:41:43.570Z] [SALES] Starting cycle...
[2026-03-25T21:41:52.664Z] [WEALTH] Starting cycle...
[2026-03-25T21:43:33.173Z] [LEAD_RESPONSE] Starting cycle...
[2026-03-25T21:47:08.316Z] [OUTREACH] Starting cycle...
[2026-03-25T21:53:33.181Z] [LEAD_RESPONSE] Starting cycle...
[2026-03-25T21:57:43.501Z] [INTELLIGENCE] Starting cycle...
[2026-03-25T22:01:43.584Z] [SALES] Starting cycle...
[2026-03-25T22:02:08.398Z] [REVENUE_MONITOR] Starting cycle...
[2026-03-25T22:02:08.476Z] [OUTREACH] Starting cycle...
[2026-03-25T22:02:10.868Z] [REVENUE_MONITOR] snapshot: MRR=$23.5K Valuation=$2.26M Vendors=629
[2026-03-25T22:03:33.182Z] [LEAD_RESPONSE] Starting cycle...
[2026-03-25T22:03:59.439Z] [COMMUNITY] Starting cycle...
